CRITICAL - 2023-10-02 11:46:56 --> include_once(navigation): Failed to open stream: No such file or directory
in APPPATH\Views\ecommerce.php on line 18.
 1 APPPATH\Views\ecommerce.php(18): CodeIgniter\Debug\Exceptions->errorHandler(2, 'include_once(navigation): Failed to open stream: No such file or directory', 'C:\\laragon\\www\\Lab3Ecommerce\\app\\Views\\ecommerce.php', 18)
 2 APPPATH\Views\ecommerce.php(18): include_once()
 3 SYSTEMPATH\View\View.php(226): include('C:\\laragon\\www\\Lab3Ecommerce\\app\\Views\\ecommerce.php')
 4 SYSTEMPATH\View\View.php(229): CodeIgniter\View\View->CodeIgniter\View\{closure}()
 5 SYSTEMPATH\Common.php(1188): CodeIgniter\View\View->render('ecommerce', [], true)
 6 APPPATH\Controllers\UserController.php(78): view('ecommerce')
 7 SYSTEMPATH\CodeIgniter.php(919): App\Controllers\UserController->ecommerce()
 8 SYSTEMPATH\CodeIgniter.php(494): CodeIgniter\CodeIgniter->runController(Object(App\Controllers\UserController))
 9 SYSTEMPATH\CodeIgniter.php(353): CodeIgniter\CodeIgniter->handleRequest(null, Object(Config\Cache), false)
10 FCPATH\index.php(79): CodeIgniter\CodeIgniter->run()
11 SYSTEMPATH\Commands\Server\rewrite.php(47): require_once('C:\\laragon\\www\\Lab3Ecommerce\\public\\index.php')
CRITICAL - 2023-10-02 11:47:39 --> Invalid file: "ecommerce.php"
in SYSTEMPATH\Exceptions\FrameworkException.php on line 39.
 1 SYSTEMPATH\View\View.php(214): CodeIgniter\Exceptions\FrameworkException::forInvalidFile('ecommerce.php')
 2 SYSTEMPATH\Common.php(1188): CodeIgniter\View\View->render('ecommerce', [], true)
 3 APPPATH\Controllers\UserController.php(78): view('ecommerce')
 4 SYSTEMPATH\CodeIgniter.php(919): App\Controllers\UserController->ecommerce()
 5 SYSTEMPATH\CodeIgniter.php(494): CodeIgniter\CodeIgniter->runController(Object(App\Controllers\UserController))
 6 SYSTEMPATH\CodeIgniter.php(353): CodeIgniter\CodeIgniter->handleRequest(null, Object(Config\Cache), false)
 7 FCPATH\index.php(79): CodeIgniter\CodeIgniter->run()
 8 SYSTEMPATH\Commands\Server\rewrite.php(47): require_once('C:\\laragon\\www\\Lab3Ecommerce\\public\\index.php')
CRITICAL - 2023-10-02 11:48:20 --> include(navigation): Failed to open stream: No such file or directory
in APPPATH\Views\ecommerce.php on line 18.
 1 APPPATH\Views\ecommerce.php(18): CodeIgniter\Debug\Exceptions->errorHandler(2, 'include(navigation): Failed to open stream: No such file or directory', 'C:\\laragon\\www\\Lab3Ecommerce\\app\\Views\\ecommerce.php', 18)
 2 APPPATH\Views\ecommerce.php(18): include()
 3 SYSTEMPATH\View\View.php(226): include('C:\\laragon\\www\\Lab3Ecommerce\\app\\Views\\ecommerce.php')
 4 SYSTEMPATH\View\View.php(229): CodeIgniter\View\View->CodeIgniter\View\{closure}()
 5 SYSTEMPATH\Common.php(1188): CodeIgniter\View\View->render('ecommerce', [], true)
 6 APPPATH\Controllers\UserController.php(78): view('ecommerce')
 7 SYSTEMPATH\CodeIgniter.php(919): App\Controllers\UserController->ecommerce()
 8 SYSTEMPATH\CodeIgniter.php(494): CodeIgniter\CodeIgniter->runController(Object(App\Controllers\UserController))
 9 SYSTEMPATH\CodeIgniter.php(353): CodeIgniter\CodeIgniter->handleRequest(null, Object(Config\Cache), false)
10 FCPATH\index.php(79): CodeIgniter\CodeIgniter->run()
11 SYSTEMPATH\Commands\Server\rewrite.php(47): require_once('C:\\laragon\\www\\Lab3Ecommerce\\public\\index.php')
CRITICAL - 2023-10-02 11:48:43 --> include(Views/navigation): Failed to open stream: No such file or directory
in APPPATH\Views\ecommerce.php on line 18.
 1 APPPATH\Views\ecommerce.php(18): CodeIgniter\Debug\Exceptions->errorHandler(2, 'include(Views/navigation): Failed to open stream: No such file or directory', 'C:\\laragon\\www\\Lab3Ecommerce\\app\\Views\\ecommerce.php', 18)
 2 APPPATH\Views\ecommerce.php(18): include()
 3 SYSTEMPATH\View\View.php(226): include('C:\\laragon\\www\\Lab3Ecommerce\\app\\Views\\ecommerce.php')
 4 SYSTEMPATH\View\View.php(229): CodeIgniter\View\View->CodeIgniter\View\{closure}()
 5 SYSTEMPATH\Common.php(1188): CodeIgniter\View\View->render('ecommerce', [], true)
 6 APPPATH\Controllers\UserController.php(78): view('ecommerce')
 7 SYSTEMPATH\CodeIgniter.php(919): App\Controllers\UserController->ecommerce()
 8 SYSTEMPATH\CodeIgniter.php(494): CodeIgniter\CodeIgniter->runController(Object(App\Controllers\UserController))
 9 SYSTEMPATH\CodeIgniter.php(353): CodeIgniter\CodeIgniter->handleRequest(null, Object(Config\Cache), false)
10 FCPATH\index.php(79): CodeIgniter\CodeIgniter->run()
11 SYSTEMPATH\Commands\Server\rewrite.php(47): require_once('C:\\laragon\\www\\Lab3Ecommerce\\public\\index.php')
CRITICAL - 2023-10-02 11:48:56 --> include(Views/navigation): Failed to open stream: No such file or directory
in APPPATH\Views\ecommerce.php on line 18.
 1 APPPATH\Views\ecommerce.php(18): CodeIgniter\Debug\Exceptions->errorHandler(2, 'include(Views/navigation): Failed to open stream: No such file or directory', 'C:\\laragon\\www\\Lab3Ecommerce\\app\\Views\\ecommerce.php', 18)
 2 APPPATH\Views\ecommerce.php(18): include()
 3 SYSTEMPATH\View\View.php(226): include('C:\\laragon\\www\\Lab3Ecommerce\\app\\Views\\ecommerce.php')
 4 SYSTEMPATH\View\View.php(229): CodeIgniter\View\View->CodeIgniter\View\{closure}()
 5 SYSTEMPATH\Common.php(1188): CodeIgniter\View\View->render('ecommerce', [], true)
 6 APPPATH\Controllers\UserController.php(78): view('ecommerce')
 7 SYSTEMPATH\CodeIgniter.php(919): App\Controllers\UserController->ecommerce()
 8 SYSTEMPATH\CodeIgniter.php(494): CodeIgniter\CodeIgniter->runController(Object(App\Controllers\UserController))
 9 SYSTEMPATH\CodeIgniter.php(353): CodeIgniter\CodeIgniter->handleRequest(null, Object(Config\Cache), false)
10 FCPATH\index.php(79): CodeIgniter\CodeIgniter->run()
11 SYSTEMPATH\Commands\Server\rewrite.php(47): require_once('C:\\laragon\\www\\Lab3Ecommerce\\public\\index.php')
CRITICAL - 2023-10-02 11:49:00 --> include(header): Failed to open stream: No such file or directory
in APPPATH\Views\ecommerce.php on line 20.
 1 APPPATH\Views\ecommerce.php(20): CodeIgniter\Debug\Exceptions->errorHandler(2, 'include(header): Failed to open stream: No such file or directory', 'C:\\laragon\\www\\Lab3Ecommerce\\app\\Views\\ecommerce.php', 20)
 2 APPPATH\Views\ecommerce.php(20): include()
 3 SYSTEMPATH\View\View.php(226): include('C:\\laragon\\www\\Lab3Ecommerce\\app\\Views\\ecommerce.php')
 4 SYSTEMPATH\View\View.php(229): CodeIgniter\View\View->CodeIgniter\View\{closure}()
 5 SYSTEMPATH\Common.php(1188): CodeIgniter\View\View->render('ecommerce', [], true)
 6 APPPATH\Controllers\UserController.php(78): view('ecommerce')
 7 SYSTEMPATH\CodeIgniter.php(919): App\Controllers\UserController->ecommerce()
 8 SYSTEMPATH\CodeIgniter.php(494): CodeIgniter\CodeIgniter->runController(Object(App\Controllers\UserController))
 9 SYSTEMPATH\CodeIgniter.php(353): CodeIgniter\CodeIgniter->handleRequest(null, Object(Config\Cache), false)
10 FCPATH\index.php(79): CodeIgniter\CodeIgniter->run()
11 SYSTEMPATH\Commands\Server\rewrite.php(47): require_once('C:\\laragon\\www\\Lab3Ecommerce\\public\\index.php')
